#-----------------------------------------------------------
# Vivado v2020.1 (64-bit)
# SW Build 2902540 on Wed May 27 19:54:49 MDT 2020
# IP Build 2902112 on Wed May 27 22:43:36 MDT 2020
# Start of session at: Mon Jan  6 11:23:58 2025
# Process ID: 17644
# Current directory: C:/Users/86157/Desktop/lab10/lab10
# Command line: vivado.exe -gui_launcher_event rodinguilauncherevent8112 C:\Users\86157\Desktop\lab10\lab10\lab10.xpr
# Log file: C:/Users/86157/Desktop/lab10/lab10/vivado.log
# Journal file: C:/Users/86157/Desktop/lab10/lab10\vivado.jou
#-----------------------------------------------------------
start_gui
open_project C:/Users/86157/Desktop/lab10/lab10/lab10.xpr
INFO: [Project 1-313] Project file moved from 'E:/project/lab10' since last save.
CRITICAL WARNING: [Project 1-311] Could not find the file 'C:/Users/86157/Desktop/lab10/lab9/MIPS_core/coe/mipstest.coe', nor could it be found using path 'E:/project/lab9/MIPS_core/coe/mipstest.coe'.
CRITICAL WARNING: [Project 1-19] Could not find the file 'c:/Users/15658/Desktop/spt_ts1.coe'.
CRITICAL WARNING: [Project 1-19] Could not find the file 'c:/Users/15658/Desktop/spt_fin.coe'.
CRITICAL WARNING: [Project 1-19] Could not find the file 'c:/Users/15658/Desktop/spt_final2.coe'.
Scanning sources...
Finished scanning sources
INFO: [IP_Flow 19-234] Refreshing IP repositories
INFO: [IP_Flow 19-1704] No user IP repositories specified
INFO: [IP_Flow 19-2313] Loaded Vivado IP repository 'D:/vivado/Vivado/2020.1/data/ip'.
open_project: Time (s): cpu = 00:00:24 ; elapsed = 00:00:14 . Memory (MB): peak = 1091.535 ; gain = 0.000
update_compile_order -fileset sources_1
open_hw_manager
connect_hw_server -allow_non_jtag
INFO: [Labtools 27-2285] Connecting to hw_server url TCP:localhost:3121
INFO: [Labtools 27-2222] Launching hw_server...
INFO: [Labtools 27-2221] Launch Output:

****** Xilinx hw_server v2020.1
  **** Build date : May 27 2020 at 20:24:38
    ** Copyright 1986-2020 Xilinx, Inc. All Rights Reserved.


INFO: [Labtools 27-3415] Connecting to cs_server url TCP:localhost:3042
INFO: [Labtools 27-3417] Launching cs_server...
INFO: [Labtools 27-2221] Launch Output:


****** Xilinx cs_server v2020.1.0
  **** Build date : May 14 2020-09:10:29
    ** Copyright 2017-2020 Xilinx, Inc. All Rights Reserved.



connect_hw_server: Time (s): cpu = 00:00:01 ; elapsed = 00:00:09 . Memory (MB): peak = 1236.102 ; gain = 14.000
open_hw_target
INFO: [Labtoolstcl 44-466] Opening hw_target localhost:3121/xilinx_tcf/Digilent/210251A08870
open_hw_target: Time (s): cpu = 00:00:05 ; elapsed = 00:00:08 . Memory (MB): peak = 2535.598 ; gain = 1299.496
set_property PROGRAM.FILE {C:/Users/86157/Desktop/lab10/lab10/lab10.runs/impl_1/proc_top.bit} [get_hw_devices xc7z010_1]
current_hw_device [get_hw_devices xc7z010_1]
refresh_hw_device -update_hw_probes false [lindex [get_hw_devices xc7z010_1] 0]
INFO: [Labtools 27-1434] Device xc7z010 (JTAG device index = 1) is programmed with a design that has no supported debug core(s) in it.
set_property PROBES.FILE {} [get_hw_devices xc7z010_1]
set_property FULL_PROBES.FILE {} [get_hw_devices xc7z010_1]
set_property PROGRAM.FILE {C:/Users/86157/Desktop/lab10/lab10/lab10.runs/impl_1/proc_top.bit} [get_hw_devices xc7z010_1]
program_hw_devices [get_hw_devices xc7z010_1]
INFO: [Labtools 27-3164] End of startup status: HIGH
refresh_hw_device [lindex [get_hw_devices xc7z010_1] 0]
INFO: [Labtools 27-1434] Device xc7z010 (JTAG device index = 1) is programmed with a design that has no supported debug core(s) in it.
set_property PROBES.FILE {} [get_hw_devices xc7z010_1]
set_property FULL_PROBES.FILE {} [get_hw_devices xc7z010_1]
set_property PROGRAM.FILE {C:/Users/86157/Desktop/lab10/lab10/lab10.runs/impl_1/proc_top.bit} [get_hw_devices xc7z010_1]
program_hw_devices [get_hw_devices xc7z010_1]
INFO: [Labtools 27-3164] End of startup status: HIGH
refresh_hw_device [lindex [get_hw_devices xc7z010_1] 0]
INFO: [Labtools 27-1434] Device xc7z010 (JTAG device index = 1) is programmed with a design that has no supported debug core(s) in it.
set_property PROBES.FILE {} [get_hw_devices xc7z010_1]
set_property FULL_PROBES.FILE {} [get_hw_devices xc7z010_1]
set_property PROGRAM.FILE {C:/Users/86157/Desktop/lab10/lab10/lab10.runs/impl_1/proc_top.bit} [get_hw_devices xc7z010_1]
program_hw_devices [get_hw_devices xc7z010_1]
INFO: [Labtools 27-3164] End of startup status: HIGH
refresh_hw_device [lindex [get_hw_devices xc7z010_1] 0]
INFO: [Labtools 27-1434] Device xc7z010 (JTAG device index = 1) is programmed with a design that has no supported debug core(s) in it.
set_property PROBES.FILE {} [get_hw_devices xc7z010_1]
set_property FULL_PROBES.FILE {} [get_hw_devices xc7z010_1]
set_property PROGRAM.FILE {C:/Users/86157/Desktop/lab10/lab10/lab10.runs/impl_1/proc_top.bit} [get_hw_devices xc7z010_1]
program_hw_devices [get_hw_devices xc7z010_1]
INFO: [Labtools 27-3164] End of startup status: HIGH
refresh_hw_device [lindex [get_hw_devices xc7z010_1] 0]
INFO: [Labtools 27-1434] Device xc7z010 (JTAG device index = 1) is programmed with a design that has no supported debug core(s) in it.
exit
INFO: [Common 17-206] Exiting Vivado at Mon Jan  6 11:29:38 2025...
