#-----------------------------------------------------------
# Vivado v2020.1 (64-bit)
# SW Build 2902540 on Wed May 27 19:54:49 MDT 2020
# IP Build 2902112 on Wed May 27 22:43:36 MDT 2020
# Start of session at: Fri Jan 10 21:26:29 2025
# Process ID: 12056
# Current directory: C:/Users/86157/Desktop/lab10
# Command line: vivado.exe -gui_launcher_event rodinguilauncherevent23492 C:\Users\86157\Desktop\lab10\lab10.xpr
# Log file: C:/Users/86157/Desktop/lab10/vivado.log
# Journal file: C:/Users/86157/Desktop/lab10\vivado.jou
#-----------------------------------------------------------
start_gui
open_project C:/Users/86157/Desktop/lab10/lab10.xpr
INFO: [Project 1-313] Project file moved from 'E:/project/lab10' since last save.
CRITICAL WARNING: [Project 1-311] Could not find the file 'C:/Users/86157/Desktop/lab9/MIPS_core/coe/mipstest.coe', nor could it be found using path 'E:/project/lab9/MIPS_core/coe/mipstest.coe'.
CRITICAL WARNING: [Project 1-19] Could not find the file 'c:/Users/15658/Desktop/spt_ts1.coe'.
CRITICAL WARNING: [Project 1-19] Could not find the file 'c:/Users/15658/Desktop/spt_fin.coe'.
CRITICAL WARNING: [Project 1-19] Could not find the file 'c:/Users/15658/Desktop/spt_final2.coe'.
Scanning sources...
Finished scanning sources
INFO: [IP_Flow 19-234] Refreshing IP repositories
INFO: [IP_Flow 19-1704] No user IP repositories specified
INFO: [IP_Flow 19-2313] Loaded Vivado IP repository 'D:/vivado/Vivado/2020.1/data/ip'.
open_project: Time (s): cpu = 00:00:21 ; elapsed = 00:00:09 . Memory (MB): peak = 1208.793 ; gain = 96.105
update_compile_order -fileset sources_reexit
INFO: [Common 17-206] Exiting Vivado at Fri Jan 10 21:32:04 2025...
 to delete one or more files in run directory C:/Users/86157/Desktop/lab10/lab10.runs/synth_1

launch_runs impl_1 -jobs 8
INFO: [IP_Flow 19-1686] Generating 'Synthesis' target for IP 'inst_rom'...
ERROR: [Ipptcl 7-519] NULL COE Data pointer: Unable to open the file 
ERROR: [Common 17-39] 'ipgui::get_coe_val' failed due to earlier errors.
CRITICAL WARNING: [IP_Flow 19-1747] Failed to deliver file 'd:/vivado/Vivado/2020.1/data/ip/xilinx/blk_mem_gen_v8_4/hdl/mem_init_file.xit': ERROR: [Common 17-39] 'ipgui::get_coe_val' failed due to earlier errors.

ERROR: [IP_Flow 19-167] Failed to deliver one or more file(s).
ERROR: [IP_Flow 19-3505] IP Generation error: Failed to generate IP 'inst_rom'. Failed to generate 'Vivado VHDL Synthesis' outputs: 
ERROR: [IP_Flow 19-98] Generation of the IP CORE failed.
Failed to generate IP 'inst_rom'. Failed to generate 'Vivado VHDL Synthesis' outputs: 
open_hw_manager
connect_hw_server -allow_non_jtag
INFO: [Labtools 27-2285] Connecting to hw_server url TCP:localhost:3121
INFO: [Labtools 27-2222] Launching hw_server...
INFO: [Labtools 27-2221] Launch Output:

****** Xilinx hw_server v2020.1
  **** Build date : May 27 2020 at 20:24:38
    ** Copyright 1986-2020 Xilinx, Inc. All Rights Reserved.


INFO: [Labtools 27-3415] Connecting to cs_server url TCP:localhost:3042
INFO: [Labtools 27-3417] Launching cs_server...
INFO: [Labtools 27-2221] Launch Output:


****** Xilinx cs_server v2020.1.0
  **** Build date : May 14 2020-09:10:29
    ** Copyright 2017-2020 Xilinx, Inc. All Rights Reserved.



connect_hw_server: Time (s): cpu = 00:00:02 ; elapsed = 00:00:09 . Memory (MB): peak = 1192.824 ; gain = 0.000
disconnect_hw_server localhost:3121
connect_hw_server -allow_non_jtag
INFO: [Labtools 27-2285] Connecting to hw_server url TCP:localhost:3121
INFO: [Labtools 27-3415] Connecting to cs_server url TCP:localhost:3042
INFO: [Labtools 27-3414] Connected to existing cs_server.
exit
INFO: [Common 17-206] Exiting Vivado at Fri Jan 10 21:32:07 2025...
