Copyright 1986-2020 Xilinx, Inc. All Rights Reserved.
-------------------------------------------------------------------------------------
| Tool Version : Vivado v.2020.1 (win64) Build 2902540 Wed May 27 19:54:49 MDT 2020
| Date         : Wed Dec 18 23:30:42 2024
| Host         : fortune running 64-bit major release  (build 9200)
| Command      : report_control_sets -verbose -file proc_top_control_sets_placed.rpt
| Design       : proc_top
| Device       : xc7z010
-------------------------------------------------------------------------------------

Control Set Information

Table of Contents
-----------------
1. Summary
2. Histogram
3. Flip-Flop Distribution
4. Detailed Control Set Information

1. Summary
----------

+----------------------------------------------------------+-------+
|                          Status                          | Count |
+----------------------------------------------------------+-------+
| Total control sets                                       |    35 |
|    Minimum number of control sets                        |    35 |
|    Addition due to synthesis replication                 |     0 |
|    Addition due to physical synthesis replication        |     0 |
| Unused register locations in slices containing registers |   114 |
+----------------------------------------------------------+-------+
* Control sets can be merged at opt_design using control_set_merge or merge_equivalent_drivers
** Run report_qor_suggestions for automated merging and remapping suggestions


2. Histogram
------------

+--------------------+-------+
|       Fanout       | Count |
+--------------------+-------+
| Total control sets |    35 |
| >= 0 to < 4        |    10 |
| >= 4 to < 6        |     2 |
| >= 6 to < 8        |     1 |
| >= 8 to < 10       |     9 |
| >= 10 to < 12      |     1 |
| >= 12 to < 14      |     2 |
| >= 14 to < 16      |     0 |
| >= 16              |    10 |
+--------------------+-------+
* Control sets can be remapped at either synth_design or opt_design


3. Flip-Flop Distribution
-------------------------

+--------------+-----------------------+------------------------+-----------------+--------------+
| Clock Enable | Synchronous Set/Reset | Asynchronous Set/Reset | Total Registers | Total Slices |
+--------------+-----------------------+------------------------+-----------------+--------------+
| No           | No                    | No                     |             103 |           27 |
| No           | No                    | Yes                    |             239 |           74 |
| No           | Yes                   | No                     |               9 |            3 |
| Yes          | No                    | No                     |               0 |            0 |
| Yes          | No                    | Yes                    |             167 |           34 |
| Yes          | Yes                   | No                     |               0 |            0 |
+--------------+-----------------------+------------------------+-----------------+--------------+


4. Detailed Control Set Information
-----------------------------------

+--------------------------------------------------+---------------------------------------------------------------------------------------------------------------+-----------------------------------------------------------------------------------------------------------------------------------------------------------+------------------+----------------+--------------+
|                   Clock Signal                   |                                                 Enable Signal                                                 |                                                                      Set/Reset Signal                                                                     | Slice Load Count | Bel Load Count | Bels / Slice |
+--------------------------------------------------+---------------------------------------------------------------------------------------------------------------+-----------------------------------------------------------------------------------------------------------------------------------------------------------+------------------+----------------+--------------+
|  nolabel_line28/mips/c/ad/alucontrol_o_reg[2]/G0 |                                                                                                               |                                                                                                                                                           |                1 |              1 |         1.00 |
|  nolabel_line28/mips/c/md/E[0]                   |                                                                                                               | nolabel_line28/mips/c/md/AR[0]                                                                                                                            |                1 |              2 |         2.00 |
|  nolabel_line28/mips/c/md/memtoreg_0             |                                                                                                               |                                                                                                                                                           |                1 |              2 |         2.00 |
|  clk_i_IBUF_BUFG                                 |                                                                                                               | u_sys_monitor/u_run_2_uart_clock/U0/inst_fifo_gen/gconvfifo.rf/grf.rf/rstblk/ngwrdrst.grst.g7serrst.gnsckt_wrst.gic_rst.sckt_rd_rst_ic_reg_0[0]           |                1 |              2 |         2.00 |
|  clk_run_BUFG                                    |                                                                                                               | u_sys_monitor/u_u2r_cmd_convert/U0/inst_fifo_gen/gconvfifo.rf/grf.rf/rstblk/ngwrdrst.grst.g7serrst.gnsckt_wrst.gic_rst.sckt_rd_rst_ic_reg_0[0]            |                1 |              2 |         2.00 |
|  clk_run_BUFG                                    |                                                                                                               | u_sys_monitor/u_run_2_uart_clock/U0/inst_fifo_gen/gconvfifo.rf/grf.rf/rstblk/rst_d2                                                                       |                1 |              2 |         2.00 |
|  clk_i_IBUF_BUFG                                 |                                                                                                               | u_sys_monitor/u_u2r_cmd_convert/U0/inst_fifo_gen/gconvfifo.rf/grf.rf/rstblk/rst_d2                                                                        |                1 |              2 |         2.00 |
|  clk_i_IBUF_BUFG                                 |                                                                                                               | u_sys_monitor/u_run_2_uart_clock/U0/inst_fifo_gen/gconvfifo.rf/grf.rf/rstblk/ngwrdrst.grst.g7serrst.gnsckt_wrst.gic_rst.rst_rd_reg2_inst/arststages_ff[1] |                1 |              3 |         3.00 |
|  mips/c/md/aluop                                 |                                                                                                               |                                                                                                                                                           |                1 |              3 |         3.00 |
|  clk_run_BUFG                                    |                                                                                                               | u_sys_monitor/u_u2r_cmd_convert/U0/inst_fifo_gen/gconvfifo.rf/grf.rf/rstblk/ngwrdrst.grst.g7serrst.gnsckt_wrst.gic_rst.rst_rd_reg2_inst/arststages_ff[1]  |                1 |              3 |         3.00 |
|  clk_run_BUFG                                    | u_sys_monitor/u_debug_core/reg_rd_cnt[4]_i_1_n_0                                                              | u_sys_monitor/u_uart_top/u_uart_rx/rst_n                                                                                                                  |                1 |              5 |         5.00 |
|  clk_run_BUFG                                    | u_sys_monitor/u_debug_core/reg_addr0                                                                          | u_sys_monitor/u_uart_top/u_uart_rx/rst_n                                                                                                                  |                1 |              5 |         5.00 |
|  clk_i_IBUF_BUFG                                 |                                                                                                               | divi/p_0_in                                                                                                                                               |                2 |              7 |         3.50 |
|  clk_i_IBUF_BUFG                                 | u_sys_monitor/u_uart_top/u_uart_tx/sampleData                                                                 | u_sys_monitor/u_uart_top/u_uart_rx/rst_n                                                                                                                  |                2 |              8 |         4.00 |
|  clk_i_IBUF_BUFG                                 | u_sys_monitor/u_uart_top/inner_rx_ready                                                                       | u_sys_monitor/u_uart_top/u_uart_rx/rst_n                                                                                                                  |                1 |              8 |         8.00 |
|  clk_run_BUFG                                    | u_sys_monitor/u_debug_core/cmd_reg[7]_i_1_n_0                                                                 | u_sys_monitor/u_uart_top/u_uart_rx/rst_n                                                                                                                  |                2 |              8 |         4.00 |
|  clk_run_BUFG                                    | u_sys_monitor/u_debug_core/qword_cmd[7]_i_1_n_0                                                               | u_sys_monitor/u_uart_top/u_uart_rx/rst_n                                                                                                                  |                2 |              8 |         4.00 |
|  clk_run_BUFG                                    | u_sys_monitor/u_debug_core/qword_cmd[15]_i_1_n_0                                                              | u_sys_monitor/u_uart_top/u_uart_rx/rst_n                                                                                                                  |                1 |              8 |         8.00 |
|  clk_run_BUFG                                    | u_sys_monitor/u_debug_core/qword_cmd[31]_i_1_n_0                                                              | u_sys_monitor/u_uart_top/u_uart_rx/rst_n                                                                                                                  |                2 |              8 |         4.00 |
|  clk_run_BUFG                                    | u_sys_monitor/u_debug_core/qword_cmd[23]_i_1_n_0                                                              | u_sys_monitor/u_uart_top/u_uart_rx/rst_n                                                                                                                  |                2 |              8 |         4.00 |
|  clk_i_IBUF_BUFG                                 |                                                                                                               | u_sys_monitor/u_u2r_cmd_convert/U0/inst_fifo_gen/gconvfifo.rf/grf.rf/rstblk/ngwrdrst.grst.g7serrst.gnsckt_wrst.rst_wr_reg2_inst/arststages_ff[1]          |                2 |              9 |         4.50 |
|  clk_run_BUFG                                    |                                                                                                               | u_sys_monitor/u_run_2_uart_clock/U0/inst_fifo_gen/gconvfifo.rf/grf.rf/rstblk/ngwrdrst.grst.g7serrst.gnsckt_wrst.rst_wr_reg2_inst/arststages_ff[1]         |                2 |              9 |         4.50 |
|  clk_i_IBUF_BUFG                                 | u_sys_monitor/u_uart_top/u_uart_rx/reg_bit_count_next                                                         | u_sys_monitor/u_uart_top/u_uart_rx/rst_n                                                                                                                  |                2 |             11 |         5.50 |
|  clk_i_IBUF_BUFG                                 | u_sys_monitor/u_u2r_cmd_convert/U0/inst_fifo_gen/gconvfifo.rf/grf.rf/gntv_or_sync_fifo.gl0.wr/gwas.wsts/E[0]  | u_sys_monitor/u_u2r_cmd_convert/U0/inst_fifo_gen/gconvfifo.rf/grf.rf/rstblk/AR[0]                                                                         |                3 |             12 |         4.00 |
|  clk_i_IBUF_BUFG                                 | u_sys_monitor/u_run_2_uart_clock/U0/inst_fifo_gen/gconvfifo.rf/grf.rf/gntv_or_sync_fifo.gl0.rd/gras.rsts/E[0] | u_sys_monitor/u_run_2_uart_clock/U0/inst_fifo_gen/gconvfifo.rf/grf.rf/rstblk/ngwrdrst.grst.g7serrst.gnsckt_wrst.gic_rst.sckt_rd_rst_ic_reg_0[0]           |                2 |             12 |         6.00 |
|  clk_i_IBUF_BUFG                                 | u_sys_monitor/u_u2r_cmd_convert/U0/inst_fifo_gen/gconvfifo.rf/grf.rf/gntv_or_sync_fifo.gl0.wr/gwas.wsts/E[0]  |                                                                                                                                                           |                2 |             16 |         8.00 |
|  clk_run_BUFG                                    | u_sys_monitor/u_u2r_cmd_convert/U0/inst_fifo_gen/gconvfifo.rf/grf.rf/gntv_or_sync_fifo.gl0.rd/gras.rsts/E[0]  | u_sys_monitor/u_u2r_cmd_convert/U0/inst_fifo_gen/gconvfifo.rf/grf.rf/rstblk/ngwrdrst.grst.g7serrst.gnsckt_wrst.gic_rst.sckt_rd_rst_ic_reg_0[0]            |                3 |             16 |         5.33 |
|  clk_run_BUFG                                    | u_sys_monitor/u_run_2_uart_clock/U0/inst_fifo_gen/gconvfifo.rf/grf.rf/gntv_or_sync_fifo.gl0.wr/gwas.wsts/E[0] | u_sys_monitor/u_run_2_uart_clock/U0/inst_fifo_gen/gconvfifo.rf/grf.rf/rstblk/AR[0]                                                                        |                3 |             18 |         6.00 |
| ~clk_run_BUFG                                    |                                                                                                               | u_sys_monitor/u_debug_core/AR[0]                                                                                                                          |                9 |             31 |         3.44 |
|  clk_run_BUFG                                    | u_sys_monitor/u_debug_core/bp_set                                                                             | u_sys_monitor/u_uart_top/u_uart_rx/rst_n                                                                                                                  |                7 |             32 |         4.57 |
|  clk_run_BUFG                                    |                                                                                                               |                                                                                                                                                           |               13 |             48 |         3.69 |
|  clk_i_IBUF_BUFG                                 |                                                                                                               |                                                                                                                                                           |               11 |             49 |         4.45 |
|  clk_run_BUFG                                    |                                                                                                               | u_sys_monitor/u_uart_top/u_uart_rx/rst_n                                                                                                                  |               26 |             87 |         3.35 |
|  clk_i_IBUF_BUFG                                 |                                                                                                               | u_sys_monitor/u_uart_top/u_uart_rx/rst_n                                                                                                                  |               29 |             89 |         3.07 |
|  clk_run_BUFG                                    | nolabel_line28/mips/dp/regfile_do/regwrite                                                                    |                                                                                                                                                           |               18 |            144 |         8.00 |
+--------------------------------------------------+---------------------------------------------------------------------------------------------------------------+-----------------------------------------------------------------------------------------------------------------------------------------------------------+------------------+----------------+--------------+


