Vivado Simulator 2020.1
Copyright 1986-1999, 2001-2020 Xilinx, Inc. All Rights Reserved.
Running: D:/vivado/Vivado/2020.1/bin/unwrapped/win64.o/xelab.exe -wto 249427f27cbf49f2a26c6b72bc14e6f2 --incr --debug typical --relax --mt 2 -L blk_mem_gen_v8_4_4 -L xil_defaultlib -L unisims_ver -L unimacro_ver -L secureip -L xpm --snapshot tbtb_behav xil_defaultlib.tbtb xil_defaultlib.glbl -log elaborate.log 
Using 2 slave threads.
Starting static elaboration
Pass Through NonSizing Optimizer
Completed static elaboration
Starting simulation data flow analysis
Completed simulation data flow analysis
Time Resolution for simulation is 1ps
Compiling module xil_defaultlib.clk_div
Compiling module xil_defaultlib.PC
Compiling module blk_mem_gen_v8_4_4.blk_mem_gen_v8_4_4_output_stage(...
Compiling module blk_mem_gen_v8_4_4.blk_mem_gen_v8_4_4_softecc_outpu...
Compiling module blk_mem_gen_v8_4_4.blk_mem_gen_v8_4_4_mem_module(C_...
Compiling module blk_mem_gen_v8_4_4.blk_mem_gen_v8_4_4(C_FAMILY="zyn...
Compiling module xil_defaultlib.inst_rom
Compiling module xil_defaultlib.main_dec
Compiling module xil_defaultlib.alu_dec
Compiling module xil_defaultlib.controller
Compiling module xil_defaultlib.tbtb
Compiling module xil_defaultlib.glbl
Built simulation snapshot tbtb_behav
