#-----------------------------------------------------------
# Vivado v2020.1 (64-bit)
# SW Build 2902540 on Wed May 27 19:54:49 MDT 2020
# IP Build 2902112 on Wed May 27 22:43:36 MDT 2020
# Start of session at: Tue Dec 17 08:55:07 2024
# Process ID: 20952
# Current directory: C:/Users/86157/Desktop/SC_cpu
# Command line: vivado.exe -gui_launcher_event rodinguilauncherevent20752 C:\Users\86157\Desktop\SC_cpu\final_cpu.xpr
# Log file: C:/Users/86157/Desktop/SC_cpu/vivado.log
# Journal file: C:/Users/86157/Desktop/SC_cpu\vivado.jou
#-----------------------------------------------------------
start_gui
open_project C:/Users/86157/Desktop/SC_cpu/final_cpu.xpr
INFO: [Project 1-313] Project file moved from 'C:/Users/Hao/Desktop/vivado/final_cpu' since last save.
Scanning sources...
Finished scanning sources
INFO: [IP_Flow 19-234] Refreshing IP repositories
INFO: [IP_Flow 19-1704] No user IP repositories specified
INFO: [IP_Flow 19-2313] Loaded Vivado IP repository 'D:/vivado/Vivado/2020.1/data/ip'.
open_project: Time (s): cpu = 00:00:13 ; elapsed = 00:00:09 . Memory (MB): peak = 1089.457 ; gain = 0.000
update_compile_order -fileset sources_1
launch_simulation
Command: launch_simulation 
INFO: [Vivado 12-5698] Checking validity of IPs in the design for the 'XSim' simulator...
INFO: [Vivado 12-5682] Launching behavioral simulation in 'C:/Users/86157/Desktop/SC_cpu/final_cpu.sim/sim_1/behav/xsim'
INFO: [Vivado 12-4795] Using compiled simulation libraries for IPs
INFO: [SIM-utils-51] Simulation object is 'sim_1'
INFO: [USF-XSim-7] Finding pre-compiled libraries...
INFO: [USF-XSim-11] File 'D:/vivado/Vivado/2020.1/data/xsim/xsim.ini' copied to run dir:'C:/Users/86157/Desktop/SC_cpu/final_cpu.sim/sim_1/behav/xsim'
INFO: [SIM-utils-54] Inspecting design source files for 'testbench' in fileset 'sim_1'...
INFO: [SIM-utils-43] Exported 'C:/Users/86157/Desktop/SC_cpu/final_cpu.sim/sim_1/behav/xsim/inst_mem.mif'
INFO: [SIM-utils-43] Exported 'C:/Users/86157/Desktop/SC_cpu/final_cpu.sim/sim_1/behav/xsim/mipstest.coe'
INFO: [USF-XSim-97] Finding global include files...
INFO: [USF-XSim-98] Fetching design files from 'sim_1'...
INFO: [USF-XSim-2] XSim::Compile design
INFO: [USF-XSim-61] Executing 'COMPILE and ANALYZE' step in 'C:/Users/86157/Desktop/SC_cpu/final_cpu.sim/sim_1/behav/xsim'
"xvlog --incr --relax -prj testbench_vlog.prj"
INFO: [VRFC 10-2263] Analyzing Verilog file "C:/Users/86157/Desktop/SC_cpu/final_cpu.srcs/sources_1/ip/data_mem/sim/data_mem.v" into library xil_defaultlib
INFO: [VRFC 10-311] analyzing module data_mem
INFO: [VRFC 10-2263] Analyzing Verilog file "C:/Users/86157/Desktop/SC_cpu/final_cpu.srcs/sources_1/ip/inst_mem/sim/inst_mem.v" into library xil_defaultlib
INFO: [VRFC 10-311] analyzing module inst_mem
INFO: [VRFC 10-2263] Analyzing Verilog file "C:/Users/86157/Desktop/SC_cpu/lab9_code_template/MIPS_core/rtl/adder.v" into library xil_defaultlib
INFO: [VRFC 10-311] analyzing module adder
INFO: [VRFC 10-2263] Analyzing Verilog file "C:/Users/86157/Desktop/SC_cpu/lab9_code_template/MIPS_core/rtl/alu.v" into library xil_defaultlib
INFO: [VRFC 10-311] analyzing module alu
INFO: [VRFC 10-2263] Analyzing Verilog file "C:/Users/86157/Desktop/SC_cpu/lab9_code_template/MIPS_core/rtl/aludec.v" into library xil_defaultlib
INFO: [VRFC 10-311] analyzing module aludec
INFO: [VRFC 10-2263] Analyzing Verilog file "C:/Users/86157/Desktop/SC_cpu/final_cpu.srcs/sources_1/imports/controller_reretry2/clk_div.v" into library xil_defaultlib
INFO: [VRFC 10-311] analyzing module clk_div
INFO: [VRFC 10-2263] Analyzing Verilog file "C:/Users/86157/Desktop/SC_cpu/lab9_code_template/MIPS_core/rtl/controller.v" into library xil_defaultlib
INFO: [VRFC 10-311] analyzing module controller
INFO: [VRFC 10-2263] Analyzing Verilog file "C:/Users/86157/Desktop/SC_cpu/lab9_code_template/MIPS_core/rtl/datapath.v" into library xil_defaultlib
INFO: [VRFC 10-311] analyzing module datapath
INFO: [VRFC 10-2263] Analyzing Verilog file "C:/Users/86157/Desktop/SC_cpu/lab9_code_template/MIPS_core/rtl/flopr.v" into library xil_defaultlib
INFO: [VRFC 10-311] analyzing module flopr
INFO: [VRFC 10-2263] Analyzing Verilog file "C:/Users/86157/Desktop/SC_cpu/lab9_code_template/MIPS_core/rtl/maindec.v" into library xil_defaultlib
INFO: [VRFC 10-311] analyzing module maindec
INFO: [VRFC 10-2263] Analyzing Verilog file "C:/Users/86157/Desktop/SC_cpu/lab9_code_template/MIPS_core/rtl/mips.v" into library xil_defaultlib
INFO: [VRFC 10-311] analyzing module mips
INFO: [VRFC 10-2263] Analyzing Verilog file "C:/Users/86157/Desktop/SC_cpu/lab9_code_template/MIPS_core/rtl/mux2.v" into library xil_defaultlib
INFO: [VRFC 10-311] analyzing module mux2
INFO: [VRFC 10-2263] Analyzing Verilog file "C:/Users/86157/Desktop/SC_cpu/lab9_code_template/MIPS_core/rtl/regfile.v" into library xil_defaultlib
INFO: [VRFC 10-311] analyzing module regfile
INFO: [VRFC 10-2263] Analyzing Verilog file "C:/Users/86157/Desktop/SC_cpu/lab9_code_template/MIPS_core/rtl/signext.v" into library xil_defaultlib
INFO: [VRFC 10-311] analyzing module signext
INFO: [VRFC 10-2263] Analyzing Verilog file "C:/Users/86157/Desktop/SC_cpu/lab9_code_template/MIPS_core/rtl/sl2.v" into library xil_defaultlib
INFO: [VRFC 10-311] analyzing module sl2
INFO: [VRFC 10-2263] Analyzing Verilog file "C:/Users/86157/Desktop/SC_cpu/lab9_code_template/MIPS_core/rtl/top.v" into library xil_defaultlib
INFO: [VRFC 10-311] analyzing module top
INFO: [VRFC 10-2263] Analyzing Verilog file "C:/Users/86157/Desktop/SC_cpu/lab9_code_template/MIPS_core/sim/testbench.v" into library xil_defaultlib
INFO: [VRFC 10-311] analyzing module testbench
INFO: [VRFC 10-2263] Analyzing Verilog file "C:/Users/86157/Desktop/SC_cpu/final_cpu.sim/sim_1/behav/xsim/glbl.v" into library xil_defaultlib
INFO: [VRFC 10-311] analyzing module glbl
INFO: [USF-XSim-69] 'compile' step finished in '3' seconds
INFO: [USF-XSim-3] XSim::Elaborate design
INFO: [USF-XSim-61] Executing 'ELABORATE' step in 'C:/Users/86157/Desktop/SC_cpu/final_cpu.sim/sim_1/behav/xsim'
"xelab -wto db5ff4fe46024d6daf184ab7be6a0995 --incr --debug typical --relax --mt 2 -L blk_mem_gen_v8_4_4 -L xil_defaultlib -L unisims_ver -L unimacro_ver -L secureip -L xpm --snapshot testbench_behav xil_defaultlib.testbench xil_defaultlib.glbl -log elaborate.log"
Vivado Simulator 2020.1
Copyright 1986-1999, 2001-2020 Xilinx, Inc. All Rights Reserved.
Running: D:/vivado/Vivado/2020.1/bin/unwrapped/win64.o/xelab.exe -wto db5ff4fe46024d6daf184ab7be6a0995 --incr --debug typical --relax --mt 2 -L blk_mem_gen_v8_4_4 -L xil_defaultlib -L unisims_ver -L unimacro_ver -L secureip -L xpm --snapshot testbench_behav xil_defaultlib.testbench xil_defaultlib.glbl -log elaborate.log 
Using 2 slave threads.
Starting static elaboration
Pass Through NonSizing Optimizer
WARNING: [VRFC 10-3091] actual bit length 32 differs from formal bit length 10 for port 'addra' [C:/Users/86157/Desktop/SC_cpu/lab9_code_template/MIPS_core/rtl/top.v:39]
Completed static elaboration
Starting simulation data flow analysis
Completed simulation data flow analysis
Time Resolution for simulation is 1ps
Compiling module xil_defaultlib.maindec
Compiling module xil_defaultlib.aludec
Compiling module xil_defaultlib.controller
Compiling module xil_defaultlib.flopr(WIDTH=32)
Compiling module xil_defaultlib.mux2(WIDTH=32)
Compiling module xil_defaultlib.mux2(WIDTH=5)
Compiling module xil_defaultlib.adder
Compiling module xil_defaultlib.alu
Compiling module xil_defaultlib.regfile
Compiling module xil_defaultlib.signext
Compiling module xil_defaultlib.sl2
Compiling module xil_defaultlib.datapath
Compiling module xil_defaultlib.mips
Compiling module blk_mem_gen_v8_4_4.blk_mem_gen_v8_4_4_output_stage(...
Compiling module blk_mem_gen_v8_4_4.blk_mem_gen_v8_4_4_softecc_outpu...
Compiling module blk_mem_gen_v8_4_4.blk_mem_gen_v8_4_4_mem_module(C_...
Compiling module blk_mem_gen_v8_4_4.blk_mem_gen_v8_4_4(C_FAMILY="zyn...
Compiling module xil_defaultlib.inst_mem
Compiling module blk_mem_gen_v8_4_4.blk_mem_gen_v8_4_4_output_stage(...
Compiling module blk_mem_gen_v8_4_4.blk_mem_gen_v8_4_4_softecc_outpu...
Compiling module blk_mem_gen_v8_4_4.blk_mem_gen_v8_4_4_mem_module(C_...
Compiling module blk_mem_gen_v8_4_4.blk_mem_gen_v8_4_4(C_FAMILY="zyn...
Compiling module xil_defaultlib.data_mem
Compiling module xil_defaultlib.top
Compiling module xil_defaultlib.clk_div
Compiling module xil_defaultlib.testbench
Compiling module xil_defaultlib.glbl
Built simulation snapshot testbench_behav

****** Webtalk v2020.1 (64-bit)
  **** SW Build 2902540 on Wed May 27 19:54:49 MDT 2020
  **** IP Build 2902112 on Wed May 27 22:43:36 MDT 2020
    ** Copyright 1986-2020 Xilinx, Inc. All Rights Reserved.

source C:/Users/86157/Desktop/SC_cpu/final_cpu.sim/sim_1/behav/xsim/xsim.dir/testbench_behav/webtalk/xsim_webtalk.tcl -notrace
INFO: [Common 17-206] Exiting Webtalk at Tue Dec 17 08:56:24 2024...
run_program: Time (s): cpu = 00:00:01 ; elapsed = 00:00:12 . Memory (MB): peak = 1195.871 ; gain = 0.000
INFO: [USF-XSim-69] 'elaborate' step finished in '13' seconds
INFO: [USF-XSim-4] XSim::Simulate design
INFO: [USF-XSim-61] Executing 'SIMULATE' step in 'C:/Users/86157/Desktop/SC_cpu/final_cpu.sim/sim_1/behav/xsim'
INFO: [USF-XSim-98] *** Running xsim
   with args "testbench_behav -key {Behavioral:sim_1:Functional:testbench} -tclbatch {testbench.tcl} -log {simulate.log}"
INFO: [USF-XSim-8] Loading simulator feature
Vivado Simulator 2020.1
Time resolution is 1 ps
source testbench.tcl
# set curr_wave [current_wave_config]
# if { [string length $curr_wave] == 0 } {
#   if { [llength [get_objects]] > 0} {
#     add_wave /
#     set_property needs_save false [current_wave_config]
#   } else {
#      send_msg_id Add_Wave-1 WARNING "No top level signals found. Simulator will start without a wave window. If you want to open a wave window go to 'File->New Waveform Configuration' or type 'create_wave_config' in the TCL console."
#   }
# }
# run 1000ns
 Block Memory Generator module loading initial data...
 Block Memory Generator data initialization complete.
Block Memory Generator module testbench.dut.imem.inst.\native_mem_module.blk_mem_gen_v8_4_4_inst  is using a behavioral model for simulation which will not precisely model memory collision behavior.
Block Memory Generator module testbench.dut.dmem.inst.\native_mem_module.blk_mem_gen_v8_4_4_inst  is using a behavioral model for simulation which will not precisely model memory collision behavior.
INFO: [USF-XSim-96] XSim completed. Design snapshot 'testbench_behav' loaded.
INFO: [USF-XSim-97] XSim simulation ran for 1000ns
launch_simulation: Time (s): cpu = 00:00:11 ; elapsed = 00:00:23 . Memory (MB): peak = 1197.594 ; gain = 25.590
close_sim
INFO: [Simtcl 6-16] Simulation closed
close_sim: Time (s): cpu = 00:00:02 ; elapsed = 00:00:06 . Memory (MB): peak = 1935.812 ; gain = 0.000
exit
INFO: [Common 17-206] Exiting Vivado at Tue Dec 17 09:08:39 2024...
