#-----------------------------------------------------------
# Vivado v2020.1 (64-bit)
# SW Build 2902540 on Wed May 27 19:54:49 MDT 2020
# IP Build 2902112 on Wed May 27 22:43:36 MDT 2020
# Start of session at: Sat Nov 23 16:33:09 2024
# Process ID: 7952
# Current directory: C:/Users/Hao/Desktop/vivado/ALU
# Command line: vivado.exe -gui_launcher_event rodinguilauncherevent17584 C:\Users\Hao\Desktop\vivado\ALU\ALU.xpr
# Log file: C:/Users/Hao/Desktop/vivado/ALU/vivado.log
# Journal file: C:/Users/Hao/Desktop/vivado/ALU\vivado.jou
#-----------------------------------------------------------
start_gui
open_project C:/Users/Hao/Desktop/vivado/ALU/ALU.xpr
Scanning sources...
Finished scanning sources
INFO: [IP_Flow 19-234] Refreshing IP repositories
INFO: [IP_Flow 19-1704] No user IP repositories specified
INFO: [IP_Flow 19-2313] Loaded Vivado IP repository 'C:/Vivado/2020.1/data/ip'.
open_project: Time (s): cpu = 00:00:02 ; elapsed = 00:00:06 . Memory (MB): peak = 1113.488 ; gain = 0.000
update_compile_order -fileset sources_1
reset_run synth_1
launch_runs synth_1 -jobs 16
INFO: [Vivado 12-4149] The synthesis checkpoint for IP 'C:/Users/Hao/Desktop/vivado/ALU/ALU.srcs/sources_1/ip/fifo_8b_2_32b_1/fifo_8b_2_32b.xci' is already up-to-date
[Sat Nov 23 16:33:47 2024] Launched synth_1...
Run output will be captured here: C:/Users/Hao/Desktop/vivado/ALU/ALU.runs/synth_1/runme.log
launch_runs impl_1 -jobs 16
INFO: [Vivado 12-4149] The synthesis checkpoint for IP 'C:/Users/Hao/Desktop/vivado/ALU/ALU.srcs/sources_1/ip/fifo_8b_2_32b_1/fifo_8b_2_32b.xci' is already up-to-date
[Sat Nov 23 16:34:35 2024] Launched impl_1...
Run output will be captured here: C:/Users/Hao/Desktop/vivado/ALU/ALU.runs/impl_1/runme.log
launch_runs impl_1 -to_step write_bitstream -jobs 16
INFO: [Vivado 12-4149] The synthesis checkpoint for IP 'C:/Users/Hao/Desktop/vivado/ALU/ALU.srcs/sources_1/ip/fifo_8b_2_32b_1/fifo_8b_2_32b.xci' is already up-to-date
[Sat Nov 23 16:35:37 2024] Launched impl_1...
Run output will be captured here: C:/Users/Hao/Desktop/vivado/ALU/ALU.runs/impl_1/runme.log
open_hw_manager
connect_hw_server -allow_non_jtag
INFO: [Labtools 27-2285] Connecting to hw_server url TCP:localhost:3121
INFO: [Labtools 27-2222] Launching hw_server...
INFO: [Labtools 27-2221] Launch Output:

****** Xilinx hw_server v2020.1
  **** Build date : May 27 2020 at 20:24:38
    ** Copyright 1986-2020 Xilinx, Inc. All Rights Reserved.


INFO: [Labtools 27-3415] Connecting to cs_server url TCP:localhost:3042
INFO: [Labtools 27-3417] Launching cs_server...
INFO: [Labtools 27-2221] Launch Output:


****** Xilinx cs_server v2020.1.0
  **** Build date : May 14 2020-09:10:29
    ** Copyright 2017-2020 Xilinx, Inc. All Rights Reserved.



connect_hw_server: Time (s): cpu = 00:00:01 ; elapsed = 00:00:09 . Memory (MB): peak = 1173.305 ; gain = 0.000
open_hw_target
INFO: [Labtoolstcl 44-466] Opening hw_target localhost:3121/xilinx_tcf/Digilent/210251A08870
open_hw_target: Time (s): cpu = 00:00:03 ; elapsed = 00:00:07 . Memory (MB): peak = 2492.258 ; gain = 1318.953
set_property PROGRAM.FILE {C:/Users/Hao/Desktop/vivado/ALU/ALU.runs/impl_1/alu_top.bit} [get_hw_devices xc7z010_1]
current_hw_device [get_hw_devices xc7z010_1]
refresh_hw_device -update_hw_probes false [lindex [get_hw_devices xc7z010_1] 0]
INFO: [Labtools 27-1435] Device xc7z010 (JTAG device index = 1) is not programmed (DONE status = 0).
set_property PROBES.FILE {} [get_hw_devices xc7z010_1]
set_property FULL_PROBES.FILE {} [get_hw_devices xc7z010_1]
set_property PROGRAM.FILE {C:/Users/Hao/Desktop/vivado/ALU/ALU.runs/impl_1/alu_top.bit} [get_hw_devices xc7z010_1]
program_hw_devices [get_hw_devices xc7z010_1]
INFO: [Labtools 27-3164] End of startup status: HIGH
refresh_hw_device [lindex [get_hw_devices xc7z010_1] 0]
INFO: [Labtools 27-1434] Device xc7z010 (JTAG device index = 1) is programmed with a design that has no supported debug core(s) in it.
ERROR: [Labtoolstcl 44-513] HW Target shutdown. Closing target: localhost:3121/xilinx_tcf/Digilent/210251A08870
exit
INFO: [Common 17-206] Exiting Vivado at Sat Nov 23 17:52:02 2024...
