#-----------------------------------------------------------
# Vivado v2020.1 (64-bit)
# SW Build 2902540 on Wed May 27 19:54:49 MDT 2020
# IP Build 2902112 on Wed May 27 22:43:36 MDT 2020
# Start of session at: Fri Nov 22 14:29:12 2024
# Process ID: 16620
# Current directory: C:/Users/Hao/Desktop/vivado/ALU
# Command line: vivado.exe -gui_launcher_event rodinguilauncherevent34704 C:\Users\Hao\Desktop\vivado\ALU\ALU.xpr
# Log file: C:/Users/Hao/Desktop/vivado/ALU/vivado.log
# Journal file: C:/Users/Hao/Desktop/vivado/ALU\vivado.jou
#-----------------------------------------------------------
start_gui
open_project C:/Users/Hao/Desktop/vivado/ALU/ALU.xpr
Scanning sources...
Finished scanning sources
INFO: [IP_Flow 19-234] Refreshing IP repositories
INFO: [IP_Flow 19-1704] No user IP repositories specified
INFO: [IP_Flow 19-2313] Loaded Vivado IP repository 'C:/Vivado/2020.1/data/ip'.
open_project: Time (s): cpu = 00:00:06 ; elapsed = 00:00:08 . Memory (MB): peak = 1179.699 ; gain = 67.418
update_compile_order -fileset sources_1
exit
INFO: [Common 17-206] Exiting Vivado at Fri Nov 22 17:14:29 2024...
