#-----------------------------------------------------------
# Vivado v2020.1 (64-bit)
# SW Build 2902540 on Wed May 27 19:54:49 MDT 2020
# IP Build 2902112 on Wed May 27 22:43:36 MDT 2020
# Start of session at: Tue Nov 12 11:19:23 2024
# Process ID: 26412
# Current directory: C:/Users/86157/Desktop/lab/实验六
# Command line: vivado.exe -gui_launcher_event rodinguilauncherevent26280 C:\Users\86157\Desktop\lab\实验六\UART.xpr
# Log file: C:/Users/86157/Desktop/lab/实验六/vivado.log
# Journal file: C:/Users/86157/Desktop/lab/实验六\vivado.jou
#-----------------------------------------------------------
start_gui
open_project C:/Users/86157/Desktop/lab/实验六/UART.xpr
Scanning sources...
Finished scanning sources
INFO: [IP_Flow 19-234] Refreshing IP repositories
INFO: [IP_Flow 19-1704] No user IP repositories specified
INFO: [IP_Flow 19-2313] Loaded Vivado IP repository 'D:/vivado/Vivado/2020.1/data/ip'.
WARNING: [IP_Flow 19-3664] IP 'inst_rom' generated file not found 'c:/Users/86157/Desktop/lab/UART.srcs/sources_1/ip/inst_rom/inst_rom.dcp'. Please regenerate to continue.
WARNING: [IP_Flow 19-3664] IP 'inst_rom' generated file not found 'c:/Users/86157/Desktop/lab/UART.srcs/sources_1/ip/inst_rom/inst_rom_stub.v'. Please regenerate to continue.
WARNING: [IP_Flow 19-3664] IP 'inst_rom' generated file not found 'c:/Users/86157/Desktop/lab/UART.srcs/sources_1/ip/inst_rom/inst_rom_stub.vhdl'. Please regenerate to continue.
WARNING: [IP_Flow 19-3664] IP 'inst_rom' generated file not found 'c:/Users/86157/Desktop/lab/UART.srcs/sources_1/ip/inst_rom/inst_rom_sim_netlist.v'. Please regenerate to continue.
WARNING: [IP_Flow 19-3664] IP 'inst_rom' generated file not found 'c:/Users/86157/Desktop/lab/UART.srcs/sources_1/ip/inst_rom/inst_rom_sim_netlist.vhdl'. Please regenerate to continue.
open_project: Time (s): cpu = 00:00:22 ; elapsed = 00:00:09 . Memory (MB): peak = 1112.922 ; gain = 0.000
update_compile_order -fileset sources_1
exit
INFO: [Common 17-206] Exiting Vivado at Tue Nov 12 11:24:13 2024...
x.Providing a default widget
WARNING: [IP_Flow 19-4067] Ignoring invalid widget type specified checkbox.Providing a default widget
INFO: [IP_Flow 19-3484] Absolute path of file 'c:/Users/86157/Desktop/COE.coe' provided. It will be converted relative to IP Instance files '../../../../../../COE.coe'
set_property -dict [list CONFIG.Write_Width_A {32} CONFIG.Write_Depth_A {256} CONFIG.Read_Width_A {32} CONFIG.Write_Width_B {32} CONFIG.Read_Width_B {32} CONFIG.Register_PortA_Output_of_Memory_Primitives {false} CONFIG.Load_Init_File {true} CONFIG.Coe_File {C:/Users/86157/Desktop/COE.coe}] [get_ips inst_rom]
ERROR: [IP_Flow 19-3478] Validation failed for parameter 'Coe File(Coe_File)' with value 'C:/Users/86157/Desktop/COE.coe' for IP 'inst_rom'. Invalid COE File- Unable to open the file 
INFO: [IP_Flow 19-3438] Customization errors found on 'inst_rom'. Restoring to previous valid configuration.
INFO: [Common 17-17] undo 'set_property -dict [list CONFIG.Write_Width_A {32} CONFIG.Write_Depth_A {256} CONFIG.Read_Width_A {32} CONFIG.Write_Width_B {32} CONFIG.Read_Width_B {32} CONFIG.Register_PortA_Output_of_Memory_Primitives {false} CONFIG.Load_Init_File {true} CONFIG.Coe_File {C:/Users/86157/Desktop/COE.coe}] [get_ips inst_rom]'
ERROR: [Common 17-39] 'set_property' failed due to earlier errors.
exit
INFO: [Common 17-206] Exiting Vivado at Tue Nov 12 11:28:13 2024...
